[57190] Internal stop codon found — skipping.
[252995] Protein does not start with 'M' — skipping.
[1733] Internal stop codon found — skipping.
[NM_198719.2] Skipping — invalid CDS coordinates (70971733, 70971733)
[9403] Internal stop codon found — skipping.
[NM_001032291.3] Skipping — invalid CDS coordinates (109280156, 109280156)
Processed 1000 genes/proteins...
[NM_152263.4] Skipping — invalid CDS coordinates (154167940, 154167940)
[NM_003851.3] Skipping — invalid CDS coordinates (167542301, 167542301)
[NM_178527.4] Skipping — invalid CDS coordinates (173501097, 173501097)
[80232] Protein does not start with 'M' — skipping.
[149603] Protein does not start with 'M' — skipping.
Processed 2000 genes/proteins...
[NM_004850.5] Skipping — invalid CDS coordinates (11183440, 11183440)
[85465] Internal stop codon found — skipping.
[729967] Protein does not start with 'M' — skipping.
[388946] Sequence length not divisible by 3 — skipping.
Processed 3000 genes/proteins...
[2876] Internal stop codon found — skipping.
[NM_021237.5] Skipping — invalid CDS coordinates (53885561, 53885561)
[8856] Protein does not start with 'M' — skipping.
[114112] Protein does not start with 'M' — skipping.
[NM_003571.4] Skipping — invalid CDS coordinates (133474969, 133474969)
[51714] Internal stop codon found — skipping.
Processed 4000 genes/proteins...
[NM_022736.4] Skipping — invalid CDS coordinates (158828979, 158828979)
[54965] Protein does not start with 'M' — skipping.
[57620] Protein does not start with 'M' — skipping.
[NM_001100399.2] Skipping — invalid CDS coordinates (39825488, 39825488)
[NM_004174.4] Skipping — invalid CDS coordinates (473382, 473382)
Processed 5000 genes/proteins...
[6414] Internal stop codon found — skipping.
[NM_198507.3] Skipping — invalid CDS coordinates (100586181, 100586181)
[57824] Protein does not start with 'M' — skipping.
[NM_015981.4] Skipping — invalid CDS coordinates (150222713, 150222713)
[2878] Internal stop codon found — skipping.
Processed 6000 genes/proteins...
[257202] Internal stop codon found — skipping.
[NM_002119.4] Skipping — invalid CDS coordinates (33006841, 33006841)
[NM_015245.3] Skipping — invalid CDS coordinates (35088606, 35088606)
[7005] Protein does not start with 'M' — skipping.
[7422] Protein does not start with 'M' — skipping.
[NM_001386514.1] Skipping — invalid CDS coordinates (12540920, 12540920)
[221823] Protein does not start with 'M' — skipping.
Processed 7000 genes/proteins...
[NM_001039372.4] Skipping — invalid CDS coordinates (93189270, 93189270)
[55503] Protein does not start with 'M' — skipping.
[203069] Protein does not start with 'M' — skipping.
Processed 8000 genes/proteins...
[4609] Protein does not start with 'M' — skipping.
[573] Protein does not start with 'M' — skipping.
[375757] Protein does not start with 'M' — skipping.
Processed 9000 genes/proteins...
[25920] Protein does not start with 'M' — skipping.
[NM_001321783.2] Skipping — invalid CDS coordinates (5763029, 5763029)
Processed 10000 genes/proteins...
[1982] Protein does not start with 'M' — skipping.
[7003] Protein does not start with 'M' — skipping.
[7490] Protein does not start with 'M' — skipping.
[280636] Internal stop codon found — skipping.
Processed 11000 genes/proteins...
[7004] Protein does not start with 'M' — skipping.
[7296] Internal stop codon found — skipping.
Processed 12000 genes/proteins...
[2971] Protein does not start with 'M' — skipping.
[NM_001077351.2] Skipping — invalid CDS coordinates (22901733, 22901733)
[51310] Protein does not start with 'M' — skipping.
[2877] Internal stop codon found — skipping.
[1734] Internal stop codon found — skipping.
[1735] Internal stop codon found — skipping.
Processed 13000 genes/proteins...
[NM_001018005.2] Skipping — invalid CDS coordinates (63065896, 63065896)
[NM_001012642.3] Skipping — invalid CDS coordinates (72162012, 72162012)
[NM_207446.3] Skipping — invalid CDS coordinates (92619459, 92619459)
[55829] Internal stop codon found — skipping.
[51734] Internal stop codon found — skipping.
[283869] Protein does not start with 'M' — skipping.
[162083] Protein does not start with 'M' — skipping.
[22928] Internal stop codon found — skipping.
Processed 14000 genes/proteins...
[147040] Protein does not start with 'M' — skipping.
[NM_206832.3] Skipping — invalid CDS coordinates (30316690, 30316690)
Processed 15000 genes/proteins...
[NM_001199165.4] Skipping — invalid CDS coordinates (65635974, 65635974)
[NM_173477.5] Skipping — invalid CDS coordinates (74918076, 74918076)
[NM_001393344.1] Skipping — invalid CDS coordinates (649898, 649898)
[NM_005406.3] Skipping — invalid CDS coordinates (20951387, 20951387)
[2879] Internal stop codon found — skipping.
[NM_001396408.1] Skipping — invalid CDS coordinates (5562211, 5562211)
Processed 16000 genes/proteins...
[84807] Protein does not start with 'M' — skipping.
[348303] Internal stop codon found — skipping.
[6415] Internal stop codon found — skipping.
[59283] Protein does not start with 'M' — skipping.
Processed 17000 genes/proteins...
[NM_014931.4] Skipping — invalid CDS coordinates (55230531, 55230531)
[80025] Protein does not start with 'M' — skipping.
[3055] Protein does not start with 'M' — skipping.
[10587] Internal stop codon found — skipping.
Processed 18000 genes/proteins...
[55000] Protein does not start with 'M' — skipping.
[140606] Internal stop codon found — skipping.
[10521] Protein does not start with 'M' — skipping.
[23467] Protein does not start with 'M' — skipping.
[57591] Protein does not start with 'M' — skipping.
[83642] Internal stop codon found — skipping.
[NM_145799.4] Skipping — invalid CDS coordinates (119625379, 119625379)
Processed 19000 genes/proteins...
Fasta files written for sequence input into esm!
